3
Spellman.csv
$
$
$
$
$
Hello
World
Some simple text manipulation.
a\nb\na\nb\nb
Sorted
a\nb\na\nb\nb
Number of unique letters
a\nb\na\nb\nb
Number of unique letters with their counts
       1       1      14
Downloading activity excel
  % Total    % Received % Xferd  Average Speed   Time    Time     Time  Current
                                 Dload  Upload   Total   Spent    Left  Speed
  0     0    0     0    0     0      0      0 --:--:-- --:--:-- --:--:--     0100  594k  100  594k    0     0  5267k      0 --:--:-- --:--:-- --:--:-- 5311k
